# JRE version: Java(TM) SE Runtime Environment (8.0_20-b26) (build 1.8.0_20-b26)
# Java VM: Java HotSpot(TM) 64-Bit Server VM (25.20-b23 mixed mode windows-amd64 compressed oops)
Heap:
 PSYoungGen      total 111616K, used 23537K [0x00000000d5b80000, 0x00000000dd680000, 0x0000000100000000)
  eden space 98816K, 23% used [0x00000000d5b80000,0x00000000d727c690,0x00000000dbc00000)
  from space 12800K, 0% used [0x00000000dc900000,0x00000000dc900000,0x00000000dd580000)
  to   space 13312K, 0% used [0x00000000dbc00000,0x00000000dbc00000,0x00000000dc900000)
 ParOldGen       total 59904K, used 24086K [0x0000000081200000, 0x0000000084c80000, 0x00000000d5b80000)
  object space 59904K, 40% used [0x0000000081200000,0x00000000829858f0,0x0000000084c80000)
 Metaspace       used 36779K, capacity 37142K, committed 37376K, reserved 1081344K
  class space    used 4499K, capacity 4600K, committed 4608K, reserved 1048576K
GC Heap History (10 events):
Event: 6.764 GC heap before
{Heap before GC invocations=4 (full 0):
 PSYoungGen      total 38400K, used 20618K [0x00000000d5b80000, 0x00000000da680000, 0x0000000100000000)
  eden space 33280K, 46% used [0x00000000d5b80000,0x00000000d6aa6520,0x00000000d7c00000)
  from space 5120K, 99% used [0x00000000d7c00000,0x00000000d80fc650,0x00000000d8100000)
  to   space 5120K, 0% used [0x00000000da180000,0x00000000da180000,0x00000000da680000)
 ParOldGen       total 87552K, used 5868K [0x0000000081200000, 0x0000000086780000, 0x00000000d5b80000)
  object space 87552K, 6% used [0x0000000081200000,0x00000000817bb2c0,0x0000000086780000)
 Metaspace       used 20908K, capacity 21130K, committed 21296K, reserved 1069056K
  class space    used 2546K, capacity 2619K, committed 2688K, reserved 1048576K
Event: 6.779 GC heap after
Heap after GC invocations=4 (full 0):
 PSYoungGen      total 71680K, used 5089K [0x00000000d5b80000, 0x00000000da680000, 0x0000000100000000)
  eden space 66560K, 0% used [0x00000000d5b80000,0x00000000d5b80000,0x00000000d9c80000)
  from space 5120K, 99% used [0x00000000da180000,0x00000000da678640,0x00000000da680000)
  to   space 5120K, 0% used [0x00000000d9c80000,0x00000000d9c80000,0x00000000da180000)
 ParOldGen       total 87552K, used 7804K [0x0000000081200000, 0x0000000086780000, 0x00000000d5b80000)
  object space 87552K, 8% used [0x0000000081200000,0x000000008199f0a8,0x0000000086780000)
 Metaspace       used 20908K, capacity 21130K, committed 21296K, reserved 1069056K
  class space    used 2546K, capacity 2619K, committed 2688K, reserved 1048576K
}
Event: 6.779 GC heap before
{Heap before GC invocations=5 (full 1):
 PSYoungGen      total 71680K, used 5089K [0x00000000d5b80000, 0x00000000da680000, 0x0000000100000000)
  eden space 66560K, 0% used [0x00000000d5b80000,0x00000000d5b80000,0x00000000d9c80000)
  from space 5120K, 99% used [0x00000000da180000,0x00000000da678640,0x00000000da680000)
  to   space 5120K, 0% used [0x00000000d9c80000,0x00000000d9c80000,0x00000000da180000)
 ParOldGen       total 87552K, used 7804K [0x0000000081200000, 0x0000000086780000, 0x00000000d5b80000)
  object space 87552K, 8% used [0x0000000081200000,0x000000008199f0a8,0x0000000086780000)
 Metaspace       used 20908K, capacity 21130K, committed 21296K, reserved 1069056K
  class space    used 2546K, capacity 2619K, committed 2688K, reserved 1048576K
Event: 6.878 GC heap after
Heap after GC invocations=5 (full 1):
 PSYoungGen      total 71680K, used 0K [0x00000000d5b80000, 0x00000000da680000, 0x0000000100000000)
  eden space 66560K, 0% used [0x00000000d5b80000,0x00000000d5b80000,0x00000000d9c80000)
  from space 5120K, 0% used [0x00000000da180000,0x00000000da180000,0x00000000da680000)
  to   space 5120K, 0% used [0x00000000d9c80000,0x00000000d9c80000,0x00000000da180000)
 ParOldGen       total 59904K, used 7380K [0x0000000081200000, 0x0000000084c80000, 0x00000000d5b80000)
  object space 59904K, 12% used [0x0000000081200000,0x00000000819353e8,0x0000000084c80000)
 Metaspace       used 20907K, capacity 21128K, committed 21296K, reserved 1069056K
  class space    used 2545K, capacity 2618K, committed 2688K, reserved 1048576K
}
Event: 10.990 GC heap before
{Heap before GC invocations=6 (full 1):
 PSYoungGen      total 71680K, used 66560K [0x00000000d5b80000, 0x00000000da680000, 0x0000000100000000)
  eden space 66560K, 100% used [0x00000000d5b80000,0x00000000d9c80000,0x00000000d9c80000)
  from space 5120K, 0% used [0x00000000da180000,0x00000000da180000,0x00000000da680000)
  to   space 5120K, 0% used [0x00000000d9c80000,0x00000000d9c80000,0x00000000da180000)
 ParOldGen       total 59904K, used 7380K [0x0000000081200000, 0x0000000084c80000, 0x00000000d5b80000)
  object space 59904K, 12% used [0x0000000081200000,0x00000000819353e8,0x0000000084c80000)
 Metaspace       used 30732K, capacity 31044K, committed 31360K, reserved 1077248K
  class space    used 3750K, capacity 3844K, committed 3968K, reserved 1048576K
Event: 11.023 GC heap after
Heap after GC invocations=6 (full 1):
 PSYoungGen      total 71680K, used 5104K [0x00000000d5b80000, 0x00000000dd580000, 0x0000000100000000)
  eden space 66560K, 0% used [0x00000000d5b80000,0x00000000d5b80000,0x00000000d9c80000)
  from space 5120K, 99% used [0x00000000d9c80000,0x00000000da17c040,0x00000000da180000)
  to   space 12800K, 0% used [0x00000000dc900000,0x00000000dc900000,0x00000000dd580000)
 ParOldGen       total 59904K, used 15475K [0x0000000081200000, 0x0000000084c80000, 0x00000000d5b80000)
  object space 59904K, 25% used [0x0000000081200000,0x000000008211cd88,0x0000000084c80000)
 Metaspace       used 30732K, capacity 31044K, committed 31360K, reserved 1077248K
  class space    used 3750K, capacity 3844K, committed 3968K, reserved 1048576K
}
Event: 12.414 GC heap before
{Heap before GC invocations=7 (full 1):
 PSYoungGen      total 71680K, used 38694K [0x00000000d5b80000, 0x00000000dd580000, 0x0000000100000000)
  eden space 66560K, 50% used [0x00000000d5b80000,0x00000000d7c4d800,0x00000000d9c80000)
  from space 5120K, 99% used [0x00000000d9c80000,0x00000000da17c040,0x00000000da180000)
  to   space 12800K, 0% used [0x00000000dc900000,0x00000000dc900000,0x00000000dd580000)
 ParOldGen       total 59904K, used 15475K [0x0000000081200000, 0x0000000084c80000, 0x00000000d5b80000)
  object space 59904K, 25% used [0x0000000081200000,0x000000008211cd88,0x0000000084c80000)
 Metaspace       used 34293K, capacity 34612K, committed 35072K, reserved 1079296K
  class space    used 4173K, capacity 4274K, committed 4352K, reserved 1048576K
Event: 12.427 GC heap after
Heap after GC invocations=7 (full 1):
 PSYoungGen      total 111616K, used 10675K [0x00000000d5b80000, 0x00000000dd680000, 0x0000000100000000)
  eden space 98816K, 0% used [0x00000000d5b80000,0x00000000d5b80000,0x00000000dbc00000)
  from space 12800K, 83% used [0x00000000dc900000,0x00000000dd36cdf0,0x00000000dd580000)
  to   space 13312K, 0% used [0x00000000dbc00000,0x00000000dbc00000,0x00000000dc900000)
 ParOldGen       total 59904K, used 15483K [0x0000000081200000, 0x0000000084c80000, 0x00000000d5b80000)
  object space 59904K, 25% used [0x0000000081200000,0x000000008211ed88,0x0000000084c80000)
 Metaspace       used 34293K, capacity 34612K, committed 35072K, reserved 1079296K
  class space    used 4173K, capacity 4274K, committed 4352K, reserved 1048576K
}
Event: 12.427 GC heap before
{Heap before GC invocations=8 (full 2):
 PSYoungGen      total 111616K, used 10675K [0x00000000d5b80000, 0x00000000dd680000, 0x0000000100000000)
  eden space 98816K, 0% used [0x00000000d5b80000,0x00000000d5b80000,0x00000000dbc00000)
  from space 12800K, 83% used [0x00000000dc900000,0x00000000dd36cdf0,0x00000000dd580000)
  to   space 13312K, 0% used [0x00000000dbc00000,0x00000000dbc00000,0x00000000dc900000)
 ParOldGen       total 59904K, used 15483K [0x0000000081200000, 0x0000000084c80000, 0x00000000d5b80000)
  object space 59904K, 25% used [0x0000000081200000,0x000000008211ed88,0x0000000084c80000)
 Metaspace       used 34293K, capacity 34612K, committed 35072K, reserved 1079296K
  class space    used 4173K, capacity 4274K, committed 4352K, reserved 1048576K
Event: 12.673 GC heap after
Heap after GC invocations=8 (full 2):
 PSYoungGen      total 111616K, used 0K [0x00000000d5b80000, 0x00000000dd680000, 0x0000000100000000)
  eden space 98816K, 0% used [0x00000000d5b80000,0x00000000d5b80000,0x00000000dbc00000)
  from space 12800K, 0% used [0x00000000dc900000,0x00000000dc900000,0x00000000dd580000)
  to   space 13312K, 0% used [0x00000000dbc00000,0x00000000dbc00000,0x00000000dc900000)
 ParOldGen       total 59904K, used 24086K [0x0000000081200000, 0x0000000084c80000, 0x00000000d5b80000)
  object space 59904K, 40% used [0x0000000081200000,0x00000000829858f0,0x0000000084c80000)
 Metaspace       used 34293K, capacity 34612K, committed 35072K, reserved 1079296K
  class space    used 4173K, capacity 4274K, committed 4352K, reserved 1048576K
}

